TYPHOONS
TOUCANS
TIGERS
TEAM USA
TANGERINES
SUPER SONIC SOCCERS
SUGER BEES
STING RAYS
SPRINTERS
SPARKS
SNOW DEVILS
SILVER SHARKS
SHOCKWAVE
SCREAMING EAGLES
MILLENNIUM JUMPERS
MIGHTY GRASSHOPPERS
MANTIS
FUGITIVES
FIRE CRACKER
FIRE ANGELS
AWESOME BLOSSOMS
ANTEATERS
ALMOST ANGELS
Cei 4 fantastici
Monster
Pic si Poc
Savage
4Team
Ferocious Killers
Gangs of New Pork
Fargo Woodchippers
The Waiver Wire

--- ROUND NO:1
TYPHOONS                         -                        TOUCANS
TIGERS                           -                       TEAM USA
TANGERINES                       -            SUPER SONIC SOCCERS
SUGER BEES                       -                     STING RAYS
SPRINTERS                        -                         SPARKS
SNOW DEVILS                      -                  SILVER SHARKS
SHOCKWAVE                        -               SCREAMING EAGLES
MILLENNIUM JUMPERS               -            MIGHTY GRASSHOPPERS
MANTIS                           -                      FUGITIVES
FIRE CRACKER                     -                    FIRE ANGELS
AWESOME BLOSSOMS                 -                      ANTEATERS
ALMOST ANGELS                    -               Cei 4 fantastici
Monster                          -                     Pic si Poc
Savage                           -                          4Team
Ferocious Killers                -              Gangs of New Pork
Fargo Woodchippers               -                The Waiver Wire

WINNERS OF ROUND NO:1
Fargo Woodchippe - 0.00
Gangs of New Pork - 0.00
4Team - 0.00
Monst - 0.00
ALMOST ANGE - 0.00
AWESOME BLOSSO - 0.00
FIRE ANGELS - 0.00
MANT - 0.00
MILLENNIUM JUMPE - 0.00
SCREAMING EAGLES - 0.00
SILVER SHARKS - 0.00
SPRINTE - 0.00
SUGER BE - 0.00
TANGERIN - 0.00
TEAM USA - 0.00
TYPHOO - 0.00
