VELOCE CHICKS
USA HOT CHICKS
UN MELLOW YELLOW
TYPHOONS
TULIPS
TROPICAL STORM
TOUCANS
TONYs TIGERSSS
TITANS
TIGERS
TIDAL WAVES
TERRIFIC TIGERS
TEH DRAGONS
TEAM USA
TEAM DYNAMITE
TEAL TITANS
TAZMANIACS
TANGERINES
T -BIRDS
SURGE
SUPER STARS
SUPER GIRLS
SUNKISSED
SUN CHICKS
SUGER BEES
STRIKING COBRAS
STRIKE FORCE
STINKY CHEESE
STATIC X
STARFISH
STAR JETS MACH I
SPRINTERS
SPITFIRE
SPEEDY TURTLES
SPEED DEMONS
SPARKS
SOUL TAKERS
SOUR APPLE
SOCCER CHICKS
SOC-R-MON
SNOW DEVILS
SMASHING CLOVERS
SLIME GREEN SCORPIONS
SILVER X- TREME
SILVER SURFERS
SILVER SHARKS
SILVER KNIGHTS
SILVER BUTTERFLIES
SHOCKWAVE
SHARK ATTACK
SECURITY SMURFS
SCREAMING EAGLES
SCORING ANGELS
MUTINY
MONSOON
MONARCHS
MIRAGE
MILLENNIUM JUMPERS
MIGHTY STINGRAYS
MIGHTY RAPTORS
MIGHTY MERMAIDS
MIGHTY GRASSHOPPERS
MIDNIGHT RAIDERS
MIDNIGHT EXPRESS
MENEHUNES
MEAN GREEN FIGHTING MACHINE
MASTER MEWTWO
MAROON MADNESS
MANTIS
MAJOR TROUBLE 
MAGENTA RAVENS
FURY GIRLS
FUGITIVES
FORCE 
FLYERS
FLASH BACK
FLAME BOYS
FIRE KRAKERS
FLAMING HOT CHEETOS
FIRE CRACKER
FIREBIRDS
FIRE STRIKERS
FIRE BLASTERS
FIRE ANGELS
FIGHTING TIGERS
FEISTY CHICKS
FALCONS
AWESOME BLOSSOMS
ATOMS
ATLAS
ARSENAL
ANGELS GONE BAD
AMERICAN WOMAN
AMERICAN BEAUTIES
ALMOST ANGELS
ALIGATORS 
AGUlLAS
Hellacious Hackers
Cei 4 fantastici
Fanstasticii
Winner
Spartanii
Monster
Albus si Galbenus
L & M
Black swans
Pic si Poc
No Fear
Do Not Stop
Free runing boys
Savage
Bestialele
Night Eagels
Fratii Caramida
4Team
MO si F.O.C.A
Land Sharks
Ferocious Killers
Young Tarts and Old Farts
The Abusement Park
Civil Disobedients
Gangs of New Pork
Magnificent Maniacs
Awkward Armadillos
Ibuprofen and Ben Gay
Fargo Woodchippers
Menace to Sobriety
The Waiver Wire

--- ROUND NO:1
VELOCE CHICKS                    -                   USA HOT CHICKS
UN MELLOW YELLOW                 -                         TYPHOONS
TULIPS                           -                   TROPICAL STORM
TOUCANS                          -                   TONYs TIGERSSS
TITANS                           -                           TIGERS
TIDAL WAVES                      -                  TERRIFIC TIGERS
TEH DRAGONS                      -                         TEAM USA
TEAM DYNAMITE                    -                      TEAL TITANS
TAZMANIACS                       -                       TANGERINES
T -BIRDS                         -                            SURGE
SUPER STARS                      -                      SUPER GIRLS
SUNKISSED                        -                       SUN CHICKS
SUGER BEES                       -                  STRIKING COBRAS
STRIKE FORCE                     -                    STINKY CHEESE
STATIC X                         -                         STARFISH
STAR JETS MACH I                 -                        SPRINTERS
SPITFIRE                         -                   SPEEDY TURTLES
SPEED DEMONS                     -                           SPARKS
SOUL TAKERS                      -                       SOUR APPLE
SOCCER CHICKS                    -                        SOC-R-MON
SNOW DEVILS                      -                 SMASHING CLOVERS
SLIME GREEN SCORPIONS            -                  SILVER X- TREME
SILVER SURFERS                   -                    SILVER SHARKS
SILVER KNIGHTS                   -               SILVER BUTTERFLIES
SHOCKWAVE                        -                     SHARK ATTACK
SECURITY SMURFS                  -                 SCREAMING EAGLES
SCORING ANGELS                   -                           MUTINY
MONSOON                          -                         MONARCHS
MIRAGE                           -               MILLENNIUM JUMPERS
MIGHTY STINGRAYS                 -                   MIGHTY RAPTORS
MIGHTY MERMAIDS                  -              MIGHTY GRASSHOPPERS
MIDNIGHT RAIDERS                 -                 MIDNIGHT EXPRESS
MENEHUNES                        -      MEAN GREEN FIGHTING MACHINE
MASTER MEWTWO                    -                   MAROON MADNESS
MANTIS                           -                   MAJOR TROUBLE 
MAGENTA RAVENS                   -                       FURY GIRLS
FUGITIVES                        -                           FORCE 
FLYERS                           -                       FLASH BACK
FLAME BOYS                       -                     FIRE KRAKERS
FLAMING HOT CHEETOS              -                     FIRE CRACKER
FIREBIRDS                        -                    FIRE STRIKERS
FIRE BLASTERS                    -                      FIRE ANGELS
FIGHTING TIGERS                  -                    FEISTY CHICKS
FALCONS                          -                 AWESOME BLOSSOMS
ATOMS                            -                            ATLAS
ARSENAL                          -                  ANGELS GONE BAD
AMERICAN WOMAN                   -                AMERICAN BEAUTIES
ALMOST ANGELS                    -                       ALIGATORS 
AGUlLAS                          -               Hellacious Hackers
Cei 4 fantastici                 -                     Fanstasticii
Winner                           -                        Spartanii
Monster                          -                Albus si Galbenus
L & M                            -                      Black swans
Pic si Poc                       -                          No Fear
Do Not Stop                      -                 Free runing boys
Savage                           -                       Bestialele
Night Eagels                     -                  Fratii Caramida
4Team                            -                    MO si F.O.C.A
Land Sharks                      -                Ferocious Killers
Young Tarts and Old Farts        -               The Abusement Park
Civil Disobedients               -                Gangs of New Pork
Magnificent Maniacs              -               Awkward Armadillos
Ibuprofen and Ben Gay            -               Fargo Woodchippers
Menace to Sobriety               -                  The Waiver Wire

WINNERS OF ROUND NO:1
The Waiver Wire                   -  8.33
Ibuprofen and Ben Gay             -  8.67
Magnificent Maniacs               -  5.33
Civil Disobedients                -  8.67
The Abusement Park                -  10.00
Land Sharks                       -  10.00
MO si F.O.C.A                     -  8.67
Night Eagels                      -  7.33
Bestialele                        -  6.67
Free runing boys                  -  7.00
Pic si Poc                        -  5.33
L & M                             -  8.33
Monster                           -  5.67
Winner                            -  8.67
Fanstasticii                      -  8.00
AGUlLAS                           -  7.67
ALMOST ANGELS                     -  7.67
AMERICAN BEAUTIES                 -  7.00
ANGELS GONE BAD                   -  10.00
ATOMS                             -  8.67
FALCONS                           -  7.33
FIGHTING TIGERS                   -  7.67
FIRE ANGELS                       -  8.67
FIREBIRDS                         -  6.67
FLAMING HOT CHEETOS               -  7.67
FLAME BOYS                        -  7.33
FLYERS                            -  5.00
FUGITIVES                         -  6.67
MAGENTA RAVENS                    -  9.33
MANTIS                            -  7.67
MAROON MADNESS                    -  6.67
MEAN GREEN FIGHTING MACHINE       -  7.33
MIDNIGHT EXPRESS                  -  6.00
MIGHTY GRASSHOPPERS               -  9.33
MIGHTY RAPTORS                    -  5.33
MIRAGE                            -  8.33
MONARCHS                          -  6.67
MUTINY                            -  5.33
SECURITY SMURFS                   -  8.67
SHARK ATTACK                      -  7.67
SILVER BUTTERFLIES                -  6.33
SILVER SHARKS                     -  8.67
SILVER X- TREME                   -  5.33
SMASHING CLOVERS                  -  7.33
SOC-R-MON                         -  6.33
SOUL TAKERS                       -  6.00
SPEED DEMONS                      -  8.33
SPEEDY TURTLES                    -  7.33
SPRINTERS                         -  10.00
STARFISH                          -  7.67
STRIKE FORCE                      -  9.33
STRIKING COBRAS                   -  7.33
SUNKISSED                         -  8.33
SUPER STARS                       -  6.00
T -BIRDS                          -  7.00
TAZMANIACS                        -  7.00
TEAL TITANS                       -  9.00
TEH DRAGONS                       -  9.00
TIDAL WAVES                       -  10.33
TITANS                            -  8.00
TOUCANS                           -  5.67
TULIPS                            -  10.00
UN MELLOW YELLOW                  -  6.67
VELOCE CHICKS                     -  7.33

--- ROUND NO:2
