USA HOT CHICKS
TYPHOONS
TULIPS
TOUCANS
TIGERS
TERRIFIC TIGERS
TEAM USA
TEAL TITANS
TANGERINES
SURGE
SUNKISSED
SUGER BEES
STRIKE FORCE
STARFISH
SPRINTERS
SPEEDY TURTLES
SPARKS
SOUR APPLE
SNOW DEVILS
SMASHING CLOVERS
SILVER SURFERS
SILVER SHARKS
SILVER BUTTERFLIES
SHARK ATTACK
SCREAMING EAGLES
SABOTAGE
MONARCHS
MILLENNIUM JUMPERS
MIGHTY RAPTORS
MIGHTY GRASSHOPPERS
MENEHUNES
MASTER MEWTWO
MANTIS
MAGENTA RAVENS
FUGITIVES
FLYERS
FIRE KRAKERS
FIRE CRACKER
FIRE STRIKERS
FIRE ANGELS
FEISTY CHICKS
AWESOME BLOSSOMS
ATLAS
ANTEATERS
AMERICAN WOMAN
ALMOST ANGELS
AGUlLAS
Cei 4 fantastici
Winner
Monster
L & M
Pic si Poc
Do Not Stop
Savage
Night Eagels
4Team
Jiga Dragos
Ferocious Killers
The Abusement Park
Gangs of New Pork
Awkward Armadillos
Fargo Woodchippers
We Got the Runs
The Waiver Wire

--- ROUND NO:1
USA HOT CHICKS                   -                       TYPHOONS
TULIPS                           -                        TOUCANS
TIGERS                           -                TERRIFIC TIGERS
TEAM USA                         -                    TEAL TITANS
TANGERINES                       -                          SURGE
SUNKISSED                        -                     SUGER BEES
STRIKE FORCE                     -                       STARFISH
SPRINTERS                        -                 SPEEDY TURTLES
SPARKS                           -                     SOUR APPLE
SNOW DEVILS                      -               SMASHING CLOVERS
SILVER SURFERS                   -                  SILVER SHARKS
SILVER BUTTERFLIES               -                   SHARK ATTACK
SCREAMING EAGLES                 -                       SABOTAGE
MONARCHS                         -             MILLENNIUM JUMPERS
MIGHTY RAPTORS                   -            MIGHTY GRASSHOPPERS
MENEHUNES                        -                  MASTER MEWTWO
MANTIS                           -                 MAGENTA RAVENS
FUGITIVES                        -                         FLYERS
FIRE KRAKERS                     -                   FIRE CRACKER
FIRE STRIKERS                    -                    FIRE ANGELS
FEISTY CHICKS                    -               AWESOME BLOSSOMS
ATLAS                            -                      ANTEATERS
AMERICAN WOMAN                   -                  ALMOST ANGELS
AGUlLAS                          -               Cei 4 fantastici
Winner                           -                        Monster
L & M                            -                     Pic si Poc
Do Not Stop                      -                         Savage
Night Eagels                     -                          4Team
Jiga Dragos                      -              Ferocious Killers
The Abusement Park               -              Gangs of New Pork
Awkward Armadillos               -             Fargo Woodchippers
We Got the Runs                  -                The Waiver Wire

WINNERS OF ROUND NO:1
The Waiver Wire - 0.00
Fargo Woodchippers - 0.00
The Abusement Pa - 0.00
Ferocious Killers - 0.00
Night Eage - 0.00
Savage - 0.00
L & - 0.00
Winn - 0.00
Cei 4 fantastici - 0.00
AMERICAN WOM - 0.00
ATL - 0.00
FEISTY CHIC - 0.00
FIRE ANGELS - 0.00
FIRE KRAKE - 0.00
FUGITIV - 0.00
MANT - 0.00
MASTER MEWTWO - 0.00
MIGHTY GRASSHOPPERS - 0.00
MILLENNIUM JUMPERS - 0.00
SCREAMING EAGL - 0.00
SILVER BUTTERFLI - 0.00
SILVER SHARKS - 0.00
SNOW DEVI - 0.00
SPAR - 0.00
SPRINTE - 0.00
STRIKE FOR - 0.00
SUNKISS - 0.00
SURGE - 0.00
TEAL TITANS - 0.00
TERRIFIC TIGERS - 0.00
TULI - 0.00
USA HOT CHIC - 0.00
