TSUNAMI
TIGERS
TERMINATORS
TEAM BUBBLICIOUS
TANGERINES
SURF MONKEYS
SUGER BEES
STONE CRUSHERS
SPRINTERS
SPEED DEMONS
SPACE BABES
SILVER JETS
SERPENTS
MOHAWKS
MIGHTY GRASSHOPPERS
MEAN GREEN ALIENS
MANTIS
FUSION
FLAMING TIGERS
FIRE ANGELS
FARIA FARMS
ATOMIC ICE
AMERICAN EAGLES
ALIEN PANTHERS ALIENS 
Cei 4 fantastici
TNT
Elixir Junior
4Team
Shooting Stars
Wonder Women
Gangs of New Pork
Honey Badgers

--- ROUND NO:1
TSUNAMI                          -                         TIGERS
TERMINATORS                      -               TEAM BUBBLICIOUS
TANGERINES                       -                   SURF MONKEYS
SUGER BEES                       -                 STONE CRUSHERS
SPRINTERS                        -                   SPEED DEMONS
SPACE BABES                      -                    SILVER JETS
SERPENTS                         -                        MOHAWKS
MIGHTY GRASSHOPPERS              -              MEAN GREEN ALIENS
MANTIS                           -                         FUSION
FLAMING TIGERS                   -                    FIRE ANGELS
FARIA FARMS                      -                     ATOMIC ICE
AMERICAN EAGLES                  -         ALIEN PANTHERS ALIENS 
Cei 4 fantastici                 -                            TNT
Elixir Junior                    -                          4Team
Shooting Stars                   -                   Wonder Women
Gangs of New Pork                -                  Honey Badgers

WINNERS OF ROUND NO:1
Gangs of New Po - 0.00
Wonder Women - 0.00
Elixir Juni - 0.00
Cei 4 fantasti - 0.00
AMERICAN EAGL - 0.00
ATOMIC ICE - 0.00
FLAMING TIGE - 0.00
FUSION - 0.00
MIGHTY GRASSHOPPE - 0.00
SERPEN - 0.00
SILVER JETS - 0.00
SPRINTE - 0.00
STONE CRUSHERS - 0.00
TANGERIN - 0.00
TERMINATO - 0.00
TIGERS - 0.00
