VALLEY GIRLS
UN MELLOW YELLOW
TUFF-E-NUFF
TIMBERWOLVES
TIDAL WAVES
TERMINATORS
TEAM ROCKETS
TEAL TITANS
TARANTULAS
SWEETHEARTS
SUNFLOWER GIRLS
SUGER BEES
STRIKERS
STINGRAYS
STAR SHOOTERS
SPLASH
SPEEDY TURTLES
SPARK PLUGS
SNOW DEVILS
SMASHING PUMPKINS
SILVER PANTHERS
SILVER BUTTERFLIES
SECURITY SMURFS
MONEY
MIND TRIP
MIGHTY DUCKS
MERCENARIES
MEAN GREEN ALIENS
MAROON MADNESS
MANARCHS
MAD DOGS
FUGITIVES
FLYING DRAGONS
FLASH
FLAMING TIGERS
FIRE STRIKERS
FIRE ANTS
FIGHTING IRISH 
FALCONS
AVALANCHE
ASH KICKERS
ANTEATERS
ANACONDAS
AMERICAN BABES
ALIGATORS 
0% ANGELS 
Cei 3 muschetari
Winner
Mistretii Atomici
Elixir Junior
Black swans
Legalize
Pufuletii
Konfetti
The Skyrynners
MO si F.O.C.A
Shooting Stars
Defending Champs
The Abusement Park
Chunky Monkees
Chafing the Dream
Ibuprofen and Ben Gay
The Big Egos
The Waiver Wire

--- ROUND NO:1
VALLEY GIRLS                     -               UN MELLOW YELLOW
TUFF-E-NUFF                      -                   TIMBERWOLVES
TIDAL WAVES                      -                    TERMINATORS
TEAM ROCKETS                     -                    TEAL TITANS
TARANTULAS                       -                    SWEETHEARTS
SUNFLOWER GIRLS                  -                     SUGER BEES
STRIKERS                         -                      STINGRAYS
STAR SHOOTERS                    -                         SPLASH
SPEEDY TURTLES                   -                    SPARK PLUGS
SNOW DEVILS                      -              SMASHING PUMPKINS
SILVER PANTHERS                  -             SILVER BUTTERFLIES
SECURITY SMURFS                  -                          MONEY
MIND TRIP                        -                   MIGHTY DUCKS
MERCENARIES                      -              MEAN GREEN ALIENS
MAROON MADNESS                   -                       MANARCHS
MAD DOGS                         -                      FUGITIVES
FLYING DRAGONS                   -                          FLASH
FLAMING TIGERS                   -                  FIRE STRIKERS
FIRE ANTS                        -                FIGHTING IRISH 
FALCONS                          -                      AVALANCHE
ASH KICKERS                      -                      ANTEATERS
ANACONDAS                        -                 AMERICAN BABES
ALIGATORS                        -                     0% ANGELS 
Cei 3 muschetari                 -                         Winner
Mistretii Atomici                -                  Elixir Junior
Black swans                      -                       Legalize
Pufuletii                        -                       Konfetti
The Skyrynners                   -                  MO si F.O.C.A
Shooting Stars                   -               Defending Champs
The Abusement Park               -                 Chunky Monkees
Chafing the Dream                -          Ibuprofen and Ben Gay
The Big Egos                     -                The Waiver Wire

WINNERS OF ROUND NO:1
The Big Eg - 0.00
Chafing the Dre - 0.00
The Abusement Pa - 0.00
Defending Champs - 0.00
MO si F.O.C.A - 0.00
Konfetti - 0.00
Black swa - 0.00
Mistretii Atomi - 0.00
Winner - 0.00
ALIGATOR - 0.00
ANACOND - 0.00
ASH KICKE - 0.00
AVALANCHE - 0.00
FIGHTING IRISH  - 0.00
FLAMING TIGE - 0.00
FLYING DRAGO - 0.00
MAD DO - 0.00
MANARCHS - 0.00
MEAN GREEN ALIENS - 0.00
MIND TR - 0.00
SECURITY SMUR - 0.00
SILVER PANTHE - 0.00
SMASHING PUMPKINS - 0.00
SPARK PLUGS - 0.00
SPLASH - 0.00
STRIKE - 0.00
SUNFLOWER GIR - 0.00
SWEETHEARTS - 0.00
TEAL TITANS - 0.00
TIDAL WAV - 0.00
TUFF-E-NU - 0.00
VALLEY GIR - 0.00
