TOUCANS
TERMINATORS
TEAL TITANS
SWEETHEARTS
SUGER BEES
STINGRAYS
STAR SHOOTERS
SPEEDY TURTLES
SPACE BABES
SILVER BUTTERFLIES
SCORPIONS
MIND TRIP
MIDNIGHT RAIDERS
MEAN GREEN ALIENS
MANARCHS
FUGITIVES
FLAMING TIGERS
FIRE STRIKERS
FIGHTING IRISH 
AVALANCHE
ANTEATERS
AMERICAN BABES
0% ANGELS 
Winner
Elixir Junior
Legalize
Savage
The Skyrynners
Shooting Stars
The Abusement Park
Chafing the Dream
The Big Egos

--- ROUND NO:1
TOUCANS                          -                    TERMINATORS
TEAL TITANS                      -                    SWEETHEARTS
SUGER BEES                       -                      STINGRAYS
STAR SHOOTERS                    -                 SPEEDY TURTLES
SPACE BABES                      -             SILVER BUTTERFLIES
SCORPIONS                        -                      MIND TRIP
MIDNIGHT RAIDERS                 -              MEAN GREEN ALIENS
MANARCHS                         -                      FUGITIVES
FLAMING TIGERS                   -                  FIRE STRIKERS
FIGHTING IRISH                   -                      AVALANCHE
ANTEATERS                        -                 AMERICAN BABES
0% ANGELS                        -                         Winner
Elixir Junior                    -                       Legalize
Savage                           -                 The Skyrynners
Shooting Stars                   -             The Abusement Park
Chafing the Dream                -                   The Big Egos

WINNERS OF ROUND NO:1
Chafing the Dre - 0.00
The Abusement Park - 0.00
The Skyrynners - 0.00
Elixir Juni - 0.00
Winner - 0.00
AMERICAN BABES - 0.00
FIGHTING IRIS - 0.00
FLAMING TIGE - 0.00
FUGITIVES - 0.00
MEAN GREEN ALIENS - 0.00
MIND TRIP - 0.00
SILVER BUTTERFLIES - 0.00
SPEEDY TURTLES - 0.00
STINGRAYS - 0.00
TEAL TITA - 0.00
TERMINATORS - 0.00
