UL TRA VIOLETS
TIGER LlLL YS
TEH DRAGONS
TEAM BUBBLICIOUS
TARANTULAS
SURGE
SUN DRAGONS
STRIKING COBRAS
STINGRAYS
SPRINTERS
SPARKLE GIRLS
SILVER KNIGHTS
SCREAMING EAGLES
MIRAGE
MIGHTY LIONS
MAROON MONKEYS
FURY
FLYING DRAGONS
FIREHAWKS
FIREBOLTS
FIGHTING IRISH 
AZTEC
ATLAS
AMERICAN EAGLES
ALIGATORS 
Fratii Camataru
Specii
Monster
Iuby Duby
Defending Champs
The Drifters
Between a Walk and a Hard Pace

--- ROUND NO:1
UL TRA VIOLETS                   -                    TIGER LlLL YS
TEH DRAGONS                      -                 TEAM BUBBLICIOUS
TARANTULAS                       -                            SURGE
SUN DRAGONS                      -                  STRIKING COBRAS
STINGRAYS                        -                        SPRINTERS
SPARKLE GIRLS                    -                   SILVER KNIGHTS
SCREAMING EAGLES                 -                           MIRAGE
MIGHTY LIONS                     -                   MAROON MONKEYS
FURY                             -                   FLYING DRAGONS
FIREHAWKS                        -                        FIREBOLTS
FIGHTING IRISH                   -                            AZTEC
ATLAS                            -                  AMERICAN EAGLES
ALIGATORS                        -                  Fratii Camataru
Specii                           -                          Monster
Iuby Duby                        -                 Defending Champs
The Drifters                     -   Between a Walk and a Hard Pace

WINNERS OF ROUND NO:1
The Drifters                      -  8.14
Defending Champs                  -  8.57
Specii                            -  8.43
Fratii Camataru                   -  7.43
AMERICAN EAGLES                   -  8.00
FIGHTING IRISH                    -  8.57
FIREHAWKS                         -  6.86
FURY                              -  6.71
MIGHTY LIONS                      -  7.14
SCREAMING EAGLES                  -  7.43
SILVER KNIGHTS                    -  7.29
SPRINTERS                         -  9.29
STRIKING COBRAS                   -  7.14
SURGE                             -  7.00
TEH DRAGONS                       -  8.14
TIGER LlLL YS                     -  9.57

--- ROUND NO:2
