VENOM
VALLEY GIRLS
UL TRA VIOLETS
TULIPS
TSUNAMI
TOUCANS
TLC
TIMBERWOLVES
TIGERS
TIGER LlLL YS
TERRIFIC TIGERS
TERMINATORS
TEEIE WAHINES
TEAM KAOS
TEAM BUBBLICIOUS
TEAL TITANS
TAZMANIAN DEVILS
TANGERINES
T -DAWGS
SWEETHEARTS
SUNKISSED
SUGAR PLUMS
SUGER BEES
STRIKING CANDY CANES
STRIKE FORCE
STARS
STARFISH
STAR SHOOTERS
STAR BURSTS
SPRINTERS
SPITFIRES
SPEEDY TURTLES
SPEED DEMONS
SPEED
SPACE BABES
SOCCER DIVAS
SOCCER ANGELS
SMURF-U
SILVER STARS
SILVER SHARKS
SILVER JETS
SILVER BUTTERFLIES
SHARK ATTACK
SERPENTS
SEALS
MYSTICS
MUD DOGS
MONARCHS
MOHAWKS
MIND TRIP
MIGHTY RAPTORS
MIGHTY MANIACS
MIGHTY GRASSHOPPERS
MIGHTY BLUE ANGELS
MERCURY
MEAN GREEN GECKOS
MEAN GREEN ALIENS
MAROON MONKEYS
MARLINS
MANTIS
MAG PIES
MAGENTA RAVENS
FUSION
FUGITIVES
FRAZZLE DAZZLE
FLYERS
FLASH
FLAME KICKERS
FIRE KRAKERS
FLAMING TIGERS
FLAMING DRAGONS
FIREBOLTS
FIREBALLS
FIRE STRIKERS
FIRE GIRLS
FIRE BALLS
FIRE ANGELS
FIRE
FIGHTING IRISH 
FARIA FARMS
FALCON
AVALANCHE
ATOMIC ICE
ARSENALS 
ANGELS WITH ATTITUDE
ANGELS 
AMERICAN EAGLES
ALMOST ANGELS
ALLIGATORS 
ALIEN PANTHERS ALIENS 
AGUlLAS
0% ANGELS 
Fratii Camataru
Cei 4 fantastici
Cercetasele
Sirenele
Winner
TNT
Cota 50
Monster
Cozonacu si Stomacu
L & M
Big Hands Hit Hard
Pic si Poc
Legalize
Do Not Stop
Flavius*2
Eugenia
Clanu Nicula
Night Eagels
The Skyrynners
4Team
Castigatorii
Extrem Boys
Shooting Stars
Fear the Fearless
Ferocious Killers
Goal Diggers
Wonder Women
The Abusement Park
The Drifters
Mad Cow Disease
Gangs of New Pork
Chafing the Dream
Honey Badgers
Between a Walk and a Hard Pace
The Big Egos
The Waiver Wire

--- ROUND NO:1
VENOM                            -                     VALLEY GIRLS
UL TRA VIOLETS                   -                           TULIPS
TSUNAMI                          -                          TOUCANS
TLC                              -                     TIMBERWOLVES
TIGERS                           -                    TIGER LlLL YS
TERRIFIC TIGERS                  -                      TERMINATORS
TEEIE WAHINES                    -                        TEAM KAOS
TEAM BUBBLICIOUS                 -                      TEAL TITANS
TAZMANIAN DEVILS                 -                       TANGERINES
T -DAWGS                         -                      SWEETHEARTS
SUNKISSED                        -                      SUGAR PLUMS
SUGER BEES                       -             STRIKING CANDY CANES
STRIKE FORCE                     -                            STARS
STARFISH                         -                    STAR SHOOTERS
STAR BURSTS                      -                        SPRINTERS
SPITFIRES                        -                   SPEEDY TURTLES
SPEED DEMONS                     -                            SPEED
SPACE BABES                      -                     SOCCER DIVAS
SOCCER ANGELS                    -                          SMURF-U
SILVER STARS                     -                    SILVER SHARKS
SILVER JETS                      -               SILVER BUTTERFLIES
SHARK ATTACK                     -                         SERPENTS
SEALS                            -                          MYSTICS
MUD DOGS                         -                         MONARCHS
MOHAWKS                          -                        MIND TRIP
MIGHTY RAPTORS                   -                   MIGHTY MANIACS
MIGHTY GRASSHOPPERS              -               MIGHTY BLUE ANGELS
MERCURY                          -                MEAN GREEN GECKOS
MEAN GREEN ALIENS                -                   MAROON MONKEYS
MARLINS                          -                           MANTIS
MAG PIES                         -                   MAGENTA RAVENS
FUSION                           -                        FUGITIVES
FRAZZLE DAZZLE                   -                           FLYERS
FLASH                            -                    FLAME KICKERS
FIRE KRAKERS                     -                   FLAMING TIGERS
FLAMING DRAGONS                  -                        FIREBOLTS
FIREBALLS                        -                    FIRE STRIKERS
FIRE GIRLS                       -                       FIRE BALLS
FIRE ANGELS                      -                             FIRE
FIGHTING IRISH                   -                      FARIA FARMS
FALCON                           -                        AVALANCHE
ATOMIC ICE                       -                        ARSENALS 
ANGELS WITH ATTITUDE             -                          ANGELS 
AMERICAN EAGLES                  -                    ALMOST ANGELS
ALLIGATORS                       -           ALIEN PANTHERS ALIENS 
AGUlLAS                          -                       0% ANGELS 
Fratii Camataru                  -                 Cei 4 fantastici
Cercetasele                      -                         Sirenele
Winner                           -                              TNT
Cota 50                          -                          Monster
Cozonacu si Stomacu              -                            L & M
Big Hands Hit Hard               -                       Pic si Poc
Legalize                         -                      Do Not Stop
Flavius*2                        -                          Eugenia
Clanu Nicula                     -                     Night Eagels
The Skyrynners                   -                            4Team
Castigatorii                     -                      Extrem Boys
Shooting Stars                   -                Fear the Fearless
Ferocious Killers                -                     Goal Diggers
Wonder Women                     -               The Abusement Park
The Drifters                     -                  Mad Cow Disease
Gangs of New Pork                -                Chafing the Dream
Honey Badgers                    -   Between a Walk and a Hard Pace
The Big Egos                     -                  The Waiver Wire

WINNERS OF ROUND NO:1
The Waiver Wire                   -  9.00
Honey Badgers                     -  10.50
Chafing the Dream                 -  10.00
The Drifters                      -  7.50
The Abusement Park                -  9.50
Goal Diggers                      -  9.00
Shooting Stars                    -  9.50
Castigatorii                      -  7.50
The Skyrynners                    -  8.00
Night Eagels                      -  7.50
Flavius*2                         -  8.50
Do Not Stop                       -  7.00
Pic si Poc                        -  7.50
L & M                             -  8.50
Cota 50                           -  7.00
Winner                            -  8.00
Sirenele                          -  9.50
Fratii Camataru                   -  8.00
AGUlLAS                           -  8.50
ALIEN PANTHERS ALIENS             -  7.00
AMERICAN EAGLES                   -  9.50
ANGELS WITH ATTITUDE              -  9.50
ATOMIC ICE                        -  10.00
FALCON                            -  9.00
FIGHTING IRISH                    -  8.50
FIRE                              -  8.50
FIRE BALLS                        -  8.00
FIREBALLS                         -  6.50
FIREBOLTS                         -  7.50
FIRE KRAKERS                      -  9.00
FLASH                             -  7.50
FRAZZLE DAZZLE                    -  8.50
FUGITIVES                         -  9.00
MAGENTA RAVENS                    -  9.00
MANTIS                            -  9.00
MEAN GREEN ALIENS                 -  9.00
MERCURY                           -  7.00
MIGHTY GRASSHOPPERS               -  10.00
MIGHTY MANIACS                    -  8.00
MIND TRIP                         -  8.50
MUD DOGS                          -  6.50
SEALS                             -  7.00
SERPENTS                          -  10.50
SILVER BUTTERFLIES                -  7.50
SILVER STARS                      -  9.50
SOCCER ANGELS                     -  8.50
SPACE BABES                       -  7.50
SPEED                             -  10.00
SPEEDY TURTLES                    -  9.50
STAR BURSTS                       -  10.00
STARFISH                          -  9.50
STRIKE FORCE                      -  9.50
STRIKING CANDY CANES              -  9.50
SUNKISSED                         -  9.00
SWEETHEARTS                       -  9.00
TAZMANIAN DEVILS                  -  8.50
TEAL TITANS                       -  9.50
TEEIE WAHINES                     -  8.00
TERRIFIC TIGERS                   -  9.50
TIGER LlLL YS                     -  10.50
TIMBERWOLVES                      -  10.00
TOUCANS                           -  8.00
TULIPS                            -  10.50
VENOM                             -  8.50
